<?xml version='1.0' encoding='UTF-8'?>
<testsuite hostname="Jacob-Blade" name="edu.colorado.csci3155.project1.CompilerTest" tests="4" errors="0" failures="0" skipped="0" time="0.034" timestamp="2020-03-05T21:13:02">
                     <properties>
[...]
</properties>
                     <testcase classname="edu.colorado.csci3155.project1.CompilerTest" name="simple expression 1" time="0.023">
                                                 
                                               </testcase><testcase classname="edu.colorado.csci3155.project1.CompilerTest" name="simple expression 2" time="0.002">
                                                 
                                               </testcase><testcase classname="edu.colorado.csci3155.project1.CompilerTest" name="simple expression 3" time="0.004">
                                                 
                                               </testcase><testcase classname="edu.colorado.csci3155.project1.CompilerTest" name="simple expression 4" time="0.005">
                                                 
                                               </testcase>
                     <system-out><![CDATA[]]></system-out>
                     <system-err><![CDATA[]]></system-err>
                   </testsuite>